# JRE version: OpenJDK Runtime Environment (8.0_152-b01) (build 1.8.0_152-release-1343-b01)
# Java VM: OpenJDK 64-Bit Server VM (25.152-b01 mixed mode windows-amd64 compressed oops)
Heap:
 PSYoungGen      total 76800K, used 38795K [0x00000000e0000000, 0x00000000e5500000, 0x0000000100000000)
  eden space 66560K, 58% used [0x00000000e0000000,0x00000000e25e2d18,0x00000000e4100000)
  from space 10240K, 0% used [0x00000000e4100000,0x00000000e4100000,0x00000000e4b00000)
  to   space 9728K, 0% used [0x00000000e4b80000,0x00000000e4b80000,0x00000000e5500000)
 ParOldGen       total 74752K, used 18801K [0x00000000a0000000, 0x00000000a4900000, 0x00000000e0000000)
  object space 74752K, 25% used [0x00000000a0000000,0x00000000a125c658,0x00000000a4900000)
 Metaspace       used 40547K, capacity 41283K, committed 41560K, reserved 1085440K
  class space    used 5509K, capacity 5736K, committed 5760K, reserved 1048576K
GC Heap History (10 events):
Event: 4.961 GC heap before
{Heap before GC invocations=7 (full 1):
 PSYoungGen      total 76288K, used 5737K [0x00000000e0000000, 0x00000000e5500000, 0x0000000100000000)
  eden space 66560K, 0% used [0x00000000e0000000,0x00000000e0000000,0x00000000e4100000)
  from space 9728K, 58% used [0x00000000e4b80000,0x00000000e511a5c0,0x00000000e5500000)
  to   space 10240K, 0% used [0x00000000e4100000,0x00000000e4100000,0x00000000e4b00000)
 ParOldGen       total 87552K, used 9142K [0x00000000a0000000, 0x00000000a5580000, 0x00000000e0000000)
  object space 87552K, 10% used [0x00000000a0000000,0x00000000a08edb60,0x00000000a5580000)
 Metaspace       used 20745K, capacity 21092K, committed 21248K, reserved 1067008K
  class space    used 2864K, capacity 3034K, committed 3072K, reserved 1048576K
Event: 5.012 GC heap after
Heap after GC invocations=7 (full 1):
 PSYoungGen      total 76288K, used 0K [0x00000000e0000000, 0x00000000e5500000, 0x0000000100000000)
  eden space 66560K, 0% used [0x00000000e0000000,0x00000000e0000000,0x00000000e4100000)
  from space 9728K, 0% used [0x00000000e4b80000,0x00000000e4b80000,0x00000000e5500000)
  to   space 10240K, 0% used [0x00000000e4100000,0x00000000e4100000,0x00000000e4b00000)
 ParOldGen       total 52224K, used 7241K [0x00000000a0000000, 0x00000000a3300000, 0x00000000e0000000)
  object space 52224K, 13% used [0x00000000a0000000,0x00000000a0712638,0x00000000a3300000)
 Metaspace       used 20745K, capacity 21092K, committed 21248K, reserved 1067008K
  class space    used 2864K, capacity 3034K, committed 3072K, reserved 1048576K
}
Event: 7.519 GC heap before
{Heap before GC invocations=8 (full 1):
 PSYoungGen      total 76288K, used 66560K [0x00000000e0000000, 0x00000000e5500000, 0x0000000100000000)
  eden space 66560K, 100% used [0x00000000e0000000,0x00000000e4100000,0x00000000e4100000)
  from space 9728K, 0% used [0x00000000e4b80000,0x00000000e4b80000,0x00000000e5500000)
  to   space 10240K, 0% used [0x00000000e4100000,0x00000000e4100000,0x00000000e4b00000)
 ParOldGen       total 52224K, used 7241K [0x00000000a0000000, 0x00000000a3300000, 0x00000000e0000000)
  object space 52224K, 13% used [0x00000000a0000000,0x00000000a0712638,0x00000000a3300000)
 Metaspace       used 28370K, capacity 28814K, committed 29056K, reserved 1075200K
  class space    used 3803K, capacity 3954K, committed 3968K, reserved 1048576K
Event: 7.533 GC heap after
Heap after GC invocations=8 (full 1):
 PSYoungGen      total 76800K, used 7726K [0x00000000e0000000, 0x00000000e5500000, 0x0000000100000000)
  eden space 66560K, 0% used [0x00000000e0000000,0x00000000e0000000,0x00000000e4100000)
  from space 10240K, 75% used [0x00000000e4100000,0x00000000e488b8b0,0x00000000e4b00000)
  to   space 9728K, 0% used [0x00000000e4b80000,0x00000000e4b80000,0x00000000e5500000)
 ParOldGen       total 52224K, used 7249K [0x00000000a0000000, 0x00000000a3300000, 0x00000000e0000000)
  object space 52224K, 13% used [0x00000000a0000000,0x00000000a0714638,0x00000000a3300000)
 Metaspace       used 28370K, capacity 28814K, committed 29056K, reserved 1075200K
  class space    used 3803K, capacity 3954K, committed 3968K, reserved 1048576K
}
Event: 9.332 GC heap before
{Heap before GC invocations=9 (full 1):
 PSYoungGen      total 76800K, used 74286K [0x00000000e0000000, 0x00000000e5500000, 0x0000000100000000)
  eden space 66560K, 100% used [0x00000000e0000000,0x00000000e4100000,0x00000000e4100000)
  from space 10240K, 75% used [0x00000000e4100000,0x00000000e488b8b0,0x00000000e4b00000)
  to   space 9728K, 0% used [0x00000000e4b80000,0x00000000e4b80000,0x00000000e5500000)
 ParOldGen       total 52224K, used 7249K [0x00000000a0000000, 0x00000000a3300000, 0x00000000e0000000)
  object space 52224K, 13% used [0x00000000a0000000,0x00000000a0714638,0x00000000a3300000)
 Metaspace       used 31532K, capacity 31994K, committed 32512K, reserved 1077248K
  class space    used 4329K, capacity 4501K, committed 4608K, reserved 1048576K
Event: 9.355 GC heap after
Heap after GC invocations=9 (full 1):
 PSYoungGen      total 76288K, used 8766K [0x00000000e0000000, 0x00000000e5500000, 0x0000000100000000)
  eden space 66560K, 0% used [0x00000000e0000000,0x00000000e0000000,0x00000000e4100000)
  from space 9728K, 90% used [0x00000000e4b80000,0x00000000e540f948,0x00000000e5500000)
  to   space 10240K, 0% used [0x00000000e4100000,0x00000000e4100000,0x00000000e4b00000)
 ParOldGen       total 52224K, used 7257K [0x00000000a0000000, 0x00000000a3300000, 0x00000000e0000000)
  object space 52224K, 13% used [0x00000000a0000000,0x00000000a0716638,0x00000000a3300000)
 Metaspace       used 31532K, capacity 31994K, committed 32512K, reserved 1077248K
  class space    used 4329K, capacity 4501K, committed 4608K, reserved 1048576K
}
Event: 19.796 GC heap before
{Heap before GC invocations=10 (full 1):
 PSYoungGen      total 76288K, used 61077K [0x00000000e0000000, 0x00000000e5500000, 0x0000000100000000)
  eden space 66560K, 78% used [0x00000000e0000000,0x00000000e3315e28,0x00000000e4100000)
  from space 9728K, 90% used [0x00000000e4b80000,0x00000000e540f948,0x00000000e5500000)
  to   space 10240K, 0% used [0x00000000e4100000,0x00000000e4100000,0x00000000e4b00000)
 ParOldGen       total 52224K, used 7257K [0x00000000a0000000, 0x00000000a3300000, 0x00000000e0000000)
  object space 52224K, 13% used [0x00000000a0000000,0x00000000a0716638,0x00000000a3300000)
 Metaspace       used 34595K, capacity 35219K, committed 35416K, reserved 1079296K
  class space    used 4765K, capacity 4939K, committed 4992K, reserved 1048576K
Event: 19.814 GC heap after
Heap after GC invocations=10 (full 1):
 PSYoungGen      total 76800K, used 10238K [0x00000000e0000000, 0x00000000e5500000, 0x0000000100000000)
  eden space 66560K, 0% used [0x00000000e0000000,0x00000000e0000000,0x00000000e4100000)
  from space 10240K, 99% used [0x00000000e4100000,0x00000000e4aff980,0x00000000e4b00000)
  to   space 9728K, 0% used [0x00000000e4b80000,0x00000000e4b80000,0x00000000e5500000)
 ParOldGen       total 52224K, used 9202K [0x00000000a0000000, 0x00000000a3300000, 0x00000000e0000000)
  object space 52224K, 17% used [0x00000000a0000000,0x00000000a08fcb58,0x00000000a3300000)
 Metaspace       used 34595K, capacity 35219K, committed 35416K, reserved 1079296K
  class space    used 4765K, capacity 4939K, committed 4992K, reserved 1048576K
}
Event: 19.814 GC heap before
{Heap before GC invocations=11 (full 2):
 PSYoungGen      total 76800K, used 10238K [0x00000000e0000000, 0x00000000e5500000, 0x0000000100000000)
  eden space 66560K, 0% used [0x00000000e0000000,0x00000000e0000000,0x00000000e4100000)
  from space 10240K, 99% used [0x00000000e4100000,0x00000000e4aff980,0x00000000e4b00000)
  to   space 9728K, 0% used [0x00000000e4b80000,0x00000000e4b80000,0x00000000e5500000)
 ParOldGen       total 52224K, used 9202K [0x00000000a0000000, 0x00000000a3300000, 0x00000000e0000000)
  object space 52224K, 17% used [0x00000000a0000000,0x00000000a08fcb58,0x00000000a3300000)
 Metaspace       used 34595K, capacity 35219K, committed 35416K, reserved 1079296K
  class space    used 4765K, capacity 4939K, committed 4992K, reserved 1048576K
Event: 19.904 GC heap after
Heap after GC invocations=11 (full 2):
 PSYoungGen      total 76800K, used 0K [0x00000000e0000000, 0x00000000e5500000, 0x0000000100000000)
  eden space 66560K, 0% used [0x00000000e0000000,0x00000000e0000000,0x00000000e4100000)
  from space 10240K, 0% used [0x00000000e4100000,0x00000000e4100000,0x00000000e4b00000)
  to   space 9728K, 0% used [0x00000000e4b80000,0x00000000e4b80000,0x00000000e5500000)
 ParOldGen       total 74752K, used 18801K [0x00000000a0000000, 0x00000000a4900000, 0x00000000e0000000)
  object space 74752K, 25% used [0x00000000a0000000,0x00000000a125c658,0x00000000a4900000)
 Metaspace       used 34595K, capacity 35219K, committed 35416K, reserved 1079296K
  class space    used 4765K, capacity 4939K, committed 4992K, reserved 1048576K
}

